<?xml version="1.0" encoding="UTF-8"?>
<coverage generated="1720546519048" clover="3.2.0">
  <project timestamp="1720546519048" name="All files">
    <metrics statements="8" coveredstatements="8" conditionals="0" coveredconditionals="0" methods="5" coveredmethods="5" elements="13" coveredelements="13" complexity="0" loc="8" ncloc="8" packages="1" files="2" classes="2"/>
    <file name="calculadora.js" path="C:\Users\pc\OneDrive\Área de Trabalho\Estudos\Curso Engenheiro QA\Módulo 31 - Métricas\Cobertura de testes e Sonar\src\calculadora.js">
      <metrics statements="6" coveredstatements="6" conditionals="0" coveredconditionals="0" methods="4" coveredmethods="4"/>
      <line num="2" count="1" type="stmt"/>
      <line num="3" count="2" type="stmt"/>
      <line num="4" count="1" type="stmt"/>
      <line num="5" count="1" type="stmt"/>
      <line num="8" count="1" type="stmt"/>
      <line num="9" count="1" type="stmt"/>
    </file>
    <file name="soma.js" path="C:\Users\pc\OneDrive\Área de Trabalho\Estudos\Curso Engenheiro QA\Módulo 31 - Métricas\Cobertura de testes e Sonar\src\soma.js">
      <metrics statements="2" coveredstatements="2" conditionals="0" coveredconditionals="0" methods="1" coveredmethods="1"/>
      <line num="2" count="4" type="stmt"/>
      <line num="6" count="2" type="stmt"/>
    </file>
  </project>
</coverage>
