{"E:\\Estudos\\Testes unitarios\\test-unit-jest\\src\\calculaMedia.js": {"path":"E:\\Estudos\\Testes unitarios\\test-unit-jest\\src\\calculaMedia.js","statementMap":{"0":{"start":{"line":3,"column":4},"end":{"line":3,"column":41}},"1":{"start":{"line":7,"column":0},"end":{"line":7,"column":30}}},"fnMap":{"0":{"name":"calculaMedia","decl":{"start":{"line":2,"column":9},"end":{"line":2,"column":21}},"loc":{"start":{"line":2,"column":43},"end":{"line":5,"column":1}},"line":2}},"branchMap":{},"s":{"0":2,"1":1},"f":{"0":2},"b":{},"_coverageSchema":"1a1c01bbd47fc00a2c39e90264f33305004495a9","hash":"048b6fe4cf872c4cd06948d6e04bbb9e43980488"}
,"E:\\Estudos\\Testes unitarios\\test-unit-jest\\src\\calculadora.js": {"path":"E:\\Estudos\\Testes unitarios\\test-unit-jest\\src\\calculadora.js","statementMap":{"0":{"start":{"line":2,"column":17},"end":{"line":2,"column":29}},"1":{"start":{"line":3,"column":16},"end":{"line":3,"column":28}},"2":{"start":{"line":4,"column":17},"end":{"line":4,"column":29}},"3":{"start":{"line":5,"column":20},"end":{"line":5,"column":32}},"4":{"start":{"line":8,"column":20},"end":{"line":8,"column":35}},"5":{"start":{"line":9,"column":0},"end":{"line":9,"column":29}}},"fnMap":{"0":{"name":"(anonymous_0)","decl":{"start":{"line":2,"column":4},"end":{"line":2,"column":5}},"loc":{"start":{"line":2,"column":15},"end":{"line":2,"column":31}},"line":2},"1":{"name":"(anonymous_1)","decl":{"start":{"line":3,"column":4},"end":{"line":3,"column":5}},"loc":{"start":{"line":3,"column":14},"end":{"line":3,"column":30}},"line":3},"2":{"name":"(anonymous_2)","decl":{"start":{"line":4,"column":4},"end":{"line":4,"column":5}},"loc":{"start":{"line":4,"column":15},"end":{"line":4,"column":31}},"line":4},"3":{"name":"(anonymous_3)","decl":{"start":{"line":5,"column":4},"end":{"line":5,"column":5}},"loc":{"start":{"line":5,"column":18},"end":{"line":5,"column":34}},"line":5}},"branchMap":{},"s":{"0":1,"1":2,"2":1,"3":1,"4":1,"5":1},"f":{"0":1,"1":2,"2":1,"3":1},"b":{},"_coverageSchema":"1a1c01bbd47fc00a2c39e90264f33305004495a9","hash":"b04efd9452916045198a7a1cd4c9fd724e8b4d9e"}
,"E:\\Estudos\\Testes unitarios\\test-unit-jest\\src\\exponenciacao.js": {"path":"E:\\Estudos\\Testes unitarios\\test-unit-jest\\src\\exponenciacao.js","statementMap":{"0":{"start":{"line":2,"column":4},"end":{"line":2,"column":18}},"1":{"start":{"line":5,"column":0},"end":{"line":5,"column":29}},"2":{"start":{"line":7,"column":0},"end":{"line":7,"column":30}}},"fnMap":{"0":{"name":"elevarAocubo","decl":{"start":{"line":1,"column":9},"end":{"line":1,"column":21}},"loc":{"start":{"line":1,"column":25},"end":{"line":3,"column":1}},"line":1}},"branchMap":{},"s":{"0":2,"1":1,"2":1},"f":{"0":2},"b":{},"_coverageSchema":"1a1c01bbd47fc00a2c39e90264f33305004495a9","hash":"d2b172d77cc173dc974ad012b115321152aa3a9b"}
,"E:\\Estudos\\Testes unitarios\\test-unit-jest\\src\\soma.js": {"path":"E:\\Estudos\\Testes unitarios\\test-unit-jest\\src\\soma.js","statementMap":{"0":{"start":{"line":2,"column":4},"end":{"line":2,"column":16}},"1":{"start":{"line":6,"column":0},"end":{"line":6,"column":22}}},"fnMap":{"0":{"name":"soma","decl":{"start":{"line":1,"column":9},"end":{"line":1,"column":13}},"loc":{"start":{"line":1,"column":20},"end":{"line":3,"column":1}},"line":1}},"branchMap":{},"s":{"0":2,"1":1},"f":{"0":2},"b":{},"_coverageSchema":"1a1c01bbd47fc00a2c39e90264f33305004495a9","hash":"cdce90b5d42d5e4a2e20adfe50a31cf17df26e02"}
,"E:\\Estudos\\Testes unitarios\\test-unit-jest\\src\\soma_if.js": {"path":"E:\\Estudos\\Testes unitarios\\test-unit-jest\\src\\soma_if.js","statementMap":{"0":{"start":{"line":2,"column":4},"end":{"line":6,"column":5}},"1":{"start":{"line":3,"column":8},"end":{"line":3,"column":20}},"2":{"start":{"line":5,"column":8},"end":{"line":5,"column":20}},"3":{"start":{"line":9,"column":0},"end":{"line":9,"column":22}}},"fnMap":{"0":{"name":"soma","decl":{"start":{"line":1,"column":9},"end":{"line":1,"column":13}},"loc":{"start":{"line":1,"column":20},"end":{"line":8,"column":1}},"line":1}},"branchMap":{"0":{"loc":{"start":{"line":2,"column":4},"end":{"line":6,"column":5}},"type":"if","locations":[{"start":{"line":2,"column":4},"end":{"line":6,"column":5}},{"start":{"line":4,"column":11},"end":{"line":6,"column":5}}],"line":2},"1":{"loc":{"start":{"line":2,"column":8},"end":{"line":2,"column":54}},"type":"binary-expr","locations":[{"start":{"line":2,"column":8},"end":{"line":2,"column":29}},{"start":{"line":2,"column":33},"end":{"line":2,"column":54}}],"line":2}},"s":{"0":2,"1":1,"2":1,"3":1},"f":{"0":2},"b":{"0":[1,1],"1":[2,2]},"_coverageSchema":"1a1c01bbd47fc00a2c39e90264f33305004495a9","hash":"5332e5a471a8cf814c9a12dec290c6252a9e0577"}
,"E:\\Estudos\\Testes unitarios\\test-unit-jest\\src\\validaSenha.js": {"path":"E:\\Estudos\\Testes unitarios\\test-unit-jest\\src\\validaSenha.js","statementMap":{"0":{"start":{"line":2,"column":30},"end":{"line":2,"column":47}},"1":{"start":{"line":3,"column":25},"end":{"line":3,"column":44}},"2":{"start":{"line":4,"column":22},"end":{"line":4,"column":41}},"3":{"start":{"line":6,"column":4},"end":{"line":6,"column":58}},"4":{"start":{"line":9,"column":2},"end":{"line":9,"column":31}}},"fnMap":{"0":{"name":"validaSenha","decl":{"start":{"line":1,"column":9},"end":{"line":1,"column":20}},"loc":{"start":{"line":1,"column":28},"end":{"line":7,"column":3}},"line":1}},"branchMap":{"0":{"loc":{"start":{"line":6,"column":11},"end":{"line":6,"column":57}},"type":"binary-expr","locations":[{"start":{"line":6,"column":11},"end":{"line":6,"column":28}},{"start":{"line":6,"column":32},"end":{"line":6,"column":44}},{"start":{"line":6,"column":48},"end":{"line":6,"column":57}}],"line":6}},"s":{"0":4,"1":4,"2":4,"3":4,"4":1},"f":{"0":4},"b":{"0":[4,3,2]},"_coverageSchema":"1a1c01bbd47fc00a2c39e90264f33305004495a9","hash":"3ab61d6a51b1d1bba0be7abb6d2e619e48b8b5b3"}
}
