TN:
SF:src\calculaMedia.js
FN:2,calculaMedia
FNF:1
FNH:1
FNDA:2,calculaMedia
DA:3,2
DA:7,1
LF:2
LH:2
BRF:0
BRH:0
end_of_record
TN:
SF:src\calculadora.js
FN:2,(anonymous_0)
FN:3,(anonymous_1)
FN:4,(anonymous_2)
FN:5,(anonymous_3)
FNF:4
FNH:4
FNDA:1,(anonymous_0)
FNDA:2,(anonymous_1)
FNDA:1,(anonymous_2)
FNDA:1,(anonymous_3)
DA:2,1
DA:3,2
DA:4,1
DA:5,1
DA:8,1
DA:9,1
LF:6
LH:6
BRF:0
BRH:0
end_of_record
TN:
SF:src\exponenciacao.js
FN:1,elevarAocubo
FNF:1
FNH:1
FNDA:2,elevarAocubo
DA:2,2
DA:5,1
DA:7,1
LF:3
LH:3
BRF:0
BRH:0
end_of_record
TN:
SF:src\soma.js
FN:1,soma
FNF:1
FNH:1
FNDA:2,soma
DA:2,2
DA:6,1
LF:2
LH:2
BRF:0
BRH:0
end_of_record
TN:
SF:src\soma_if.js
FN:1,soma
FNF:1
FNH:1
FNDA:2,soma
DA:2,2
DA:3,1
DA:5,1
DA:9,1
LF:4
LH:4
BRDA:2,0,0,1
BRDA:2,0,1,1
BRDA:2,1,0,2
BRDA:2,1,1,2
BRF:4
BRH:4
end_of_record
TN:
SF:src\validaSenha.js
FN:1,validaSenha
FNF:1
FNH:1
FNDA:4,validaSenha
DA:2,4
DA:3,4
DA:4,4
DA:6,4
DA:9,1
LF:5
LH:5
BRDA:6,0,0,4
BRDA:6,0,1,3
BRDA:6,0,2,2
BRF:3
BRH:3
end_of_record
